<?xml version="1.0" encoding="UTF-8"?>
<!-- Generated by org.testng.reporters.JUnitXMLReporter -->
<testsuite hostname="DESKTOP-PB7QOKT" name="用户管理系统测试用例" tests="7" failures="1" timestamp="7 Jul 2019 09:45:22 GMT" time="21.574" errors="0">
  <testcase name="loginTrue" time="0.702" classname="com.course.cases.LoginTest"/>
  <testcase name="loginFalse" time="0.027" classname="com.course.cases.LoginTest"/>
  <testcase name="addUser" time="3.081" classname="com.course.cases.AddUserTest"/>
  <testcase name="getUserInfo" time="3.117" classname="com.course.cases.GetUserInfoTest"/>
  <testcase name="updateUserInfo" time="8.303" classname="com.course.cases.UpdateUserInfoTest">
    <failure type="java.lang.AssertionError" message="expected object to not be null">
      <![CDATA[java.lang.AssertionError: expected object to not be null
	at com.course.cases.UpdateUserInfoTest.updateUserInfo(UpdateUserInfoTest.java:39)
... Removed 26 stack frames]]>
    </failure>
  </testcase> <!-- updateUserInfo -->
  <testcase name="deleteUser" time="3.12" classname="com.course.cases.UpdateUserInfoTest"/>
  <testcase name="getUserListInfo" time="3.149" classname="com.course.cases.GetUserInfoListTest"/>
</testsuite> <!-- 用户管理系统测试用例 -->
